set -e; for i in c compression raytracer spass regression; do make -C $i test; done
make[1]: Entering directory '/home/arthurvale/Repos/compcert/test/c'
fib: passed
integr: passed
qsort: passed
fft: passed
fftsp: passed
fftw: passed
sha1: passed
sha3: passed
aes: passed
almabench: passed
lists: passed
binarytrees: passed
fannkuch: passed
knucleotide: passed
mandelbrot: passed
nbody: passed
nsieve: passed
nsievebits: passed
spectral: passed
vmach: passed
bisect: passed
chomp: passed
perlin: passed
siphash24: passed
make[1]: Leaving directory '/home/arthurvale/Repos/compcert/test/c'
make[1]: Entering directory '/home/arthurvale/Repos/compcert/test/compression'
Test data: /usr/share/dict/words
arcode: compression...
arcode: decompression...
arcode: passed
lzw: compression...
lzw: decompression...
lzw: passed
lzss: compression...
lzss: decompression...
lzss: passed
make[1]: Leaving directory '/home/arthurvale/Repos/compcert/test/compression'
make[1]: Entering directory '/home/arthurvale/Repos/compcert/test/raytracer'
./render < kal.gml
raytracer: passed
make[1]: Leaving directory '/home/arthurvale/Repos/compcert/test/raytracer'
make[1]: Entering directory '/home/arthurvale/Repos/compcert/test/spass'
./spass small_problem.dfg | grep 'Proof found'
SPASS beiseite: Proof found.
make[1]: Leaving directory '/home/arthurvale/Repos/compcert/test/spass'
make[1]: Entering directory '/home/arthurvale/Repos/compcert/test/regression'
----------- Compiled tests -------------
int32: passed
int64: passed
floats: passed
floats-basics: passed
expr1: passed
expr6: passed
funptr2: passed
initializers: passed
initializers2: passed
initializers3: passed
volatile1: passed
volatile2: passed
volatile3: passed
funct3: passed
expr5: passed
struct7: passed
struct8: passed
struct11: passed
struct12: passed
casts1: passed
casts2: passed
char1: passed
sizeof1: passed
sizeof2: passed
binops: passed
bool: passed
for1: passed
switch: passed
switch2: passed
compound: passed
decl1: passed
interop1: passed
bitfields9: passed
ptrs3: passed
parsing: passed
krfun: passed
attribs1: passed
bitfields1: passed
bitfields2: passed
bitfields3: passed
bitfields4: passed
bitfields5: passed
bitfields6: passed
bitfields7: passed
bitfields8: passed
builtins-x86: passed
packedstruct2: passed
alignas: passed
varargs1: passed
varargs2: passed
sections: passed
alias: passed
----------- Interpreted tests -------------
int32: passed
int64: passed
floats: passed
floats-basics: passed
expr1: passed
expr6: passed
funptr2: EXECUTION FAILED (status 126)
initializers.c:52: warning: initializer string for array of chars x20 is too long
initializers.c:72: error: initialization of an array of non-wchar_t elements with a wide string literal
initializers.c:73: error: initialization of an array of non-wchar_t elements with a wide string literal
initializers.c:74: error: initialization of an array of non-wchar_t elements with a wide string literal
3 errors detected.
initializers: EXECUTION FAILED (status 2)
initializers2: passed
initializers3.c:60: warning: initializer string for array of chars x20 is too long
initializers3: passed
volatile1: passed
volatile2: passed
volatile3: passed
funct3: passed
expr5: passed
struct7: passed
struct8: passed
struct11: passed
struct12: passed
casts1: passed
casts2: passed
char1: passed
sizeof1: passed
sizeof2: passed
binops: passed
bool: passed
for1: passed
switch: passed
switch2: passed
compound: passed
decl1: passed
interop1: passed
bitfields9: passed
ptrs3: passed
parsing: passed
krfun.c:23: warning: type of 'a' defaults to 'int' [-Wimplicit-int]
krfun.c:23: warning: type of 'c' defaults to 'int' [-Wimplicit-int]
krfun: passed
NaNs: compiler and interpreter agree
make[1]: Leaving directory '/home/arthurvale/Repos/compcert/test/regression'
